<?xml version="1.0" encoding="UTF-8"?>
<!-- Generated by org.testng.reporters.JUnitXMLReporter -->
<testsuite hostname="YY059862" ignored="0" name="Command line test" tests="2" failures="0" timestamp="01 Oct 2018 23:56:10 GMT" time="87.054" errors="0">
  <testcase name="verifyContactsLabelTest" time="0.048" classname="com.crm.qa.testcases.ContactsPageTest"/>
  <testcase name="verifyHomePageTitleTest" time="0.023" classname="com.crm.qa.testcases.HomePageTest"/>
</testsuite> <!-- Command line test -->
