<?xml version="1.0" encoding="UTF-8"?>
<testng-results skipped="0" failed="0" ignored="0" total="2" passed="2">
  <reporter-output>
  </reporter-output>
  <suite name="Command line suite" duration-ms="87054" started-at="2018-10-01T23:54:43Z" finished-at="2018-10-01T23:56:10Z">
    <groups>
    </groups>
    <test name="Command line test" duration-ms="87054" started-at="2018-10-01T23:54:43Z" finished-at="2018-10-01T23:56:10Z">
      <class name="com.crm.qa.testcases.HomePageTest">
        <test-method status="PASS" signature="setUp()[pri:0, instance:com.crm.qa.testcases.HomePageTest@1b604f19]" name="setUp" is-config="true" duration-ms="35679" started-at="2018-10-01T23:55:34Z" finished-at="2018-10-01T23:56:10Z">
          <reporter-output>
          </reporter-output>
        </test-method> <!-- setUp -->
        <test-method status="PASS" signature="verifyHomePageTitleTest()[pri:1, instance:com.crm.qa.testcases.HomePageTest@1b604f19]" name="verifyHomePageTitleTest" duration-ms="23" started-at="2018-10-01T23:56:10Z" finished-at="2018-10-01T23:56:10Z">
          <reporter-output>
          </reporter-output>
        </test-method> <!-- verifyHomePageTitleTest -->
        <test-method status="PASS" signature="tearDown()[pri:0, instance:com.crm.qa.testcases.HomePageTest@1b604f19]" name="tearDown" is-config="true" duration-ms="429" started-at="2018-10-01T23:56:10Z" finished-at="2018-10-01T23:56:10Z">
          <reporter-output>
          </reporter-output>
        </test-method> <!-- tearDown -->
      </class> <!-- com.crm.qa.testcases.HomePageTest -->
      <class name="com.crm.qa.testcases.ContactsPageTest">
        <test-method status="PASS" signature="setUp()[pri:0, instance:com.crm.qa.testcases.ContactsPageTest@1593948d]" name="setUp" is-config="true" duration-ms="50721" started-at="2018-10-01T23:54:43Z" finished-at="2018-10-01T23:55:34Z">
          <reporter-output>
          </reporter-output>
        </test-method> <!-- setUp -->
        <test-method status="PASS" signature="verifyContactsLabelTest()[pri:1, instance:com.crm.qa.testcases.ContactsPageTest@1593948d]" name="verifyContactsLabelTest" duration-ms="48" started-at="2018-10-01T23:55:34Z" finished-at="2018-10-01T23:55:34Z">
          <reporter-output>
          </reporter-output>
        </test-method> <!-- verifyContactsLabelTest -->
        <test-method status="PASS" signature="tearDown()[pri:0, instance:com.crm.qa.testcases.ContactsPageTest@1593948d]" name="tearDown" is-config="true" duration-ms="101" started-at="2018-10-01T23:55:34Z" finished-at="2018-10-01T23:55:34Z">
          <reporter-output>
          </reporter-output>
        </test-method> <!-- tearDown -->
      </class> <!-- com.crm.qa.testcases.ContactsPageTest -->
    </test> <!-- Command line test -->
  </suite> <!-- Command line suite -->
</testng-results>
